2020-05-17 21:56:53.737  WARN 2108 --- [main] o.m.s.mapper.ClassPathMapperScanner      : Cannot use both: sqlSessionTemplate and sqlSessionFactory together. sqlSessionFactory is ignored.
2020-05-17 21:56:54.286 DEBUG 2108 --- [main] o.h.v.i.e.resolver.TraversableResolvers  : Found javax.persistence.Persistence on classpath containing 'getPersistenceUtil'. Assuming JPA 2 environment. Trying to instantiate JPA aware TraversableResolver
2020-05-17 21:56:54.287 DEBUG 2108 --- [main] o.h.v.i.e.resolver.TraversableResolvers  : Instantiated JPA aware TraversableResolver of type org.hibernate.validator.internal.engine.resolver.JPATraversableResolver.
2020-05-17 21:56:54.291 DEBUG 2108 --- [main] o.h.v.i.e.resolver.TraversableResolvers  : Found javax.persistence.Persistence on classpath containing 'getPersistenceUtil'. Assuming JPA 2 environment. Trying to instantiate JPA aware TraversableResolver
2020-05-17 21:56:54.291 DEBUG 2108 --- [main] o.h.v.i.e.resolver.TraversableResolvers  : Instantiated JPA aware TraversableResolver of type org.hibernate.validator.internal.engine.resolver.JPATraversableResolver.
2020-05-17 21:56:54.294 DEBUG 2108 --- [main] o.h.v.internal.engine.ConfigurationImpl  : Setting custom MessageInterpolator of type org.springframework.validation.beanvalidation.LocaleContextMessageInterpolator
2020-05-17 21:56:54.294 DEBUG 2108 --- [main] o.h.v.internal.engine.ConfigurationImpl  : Setting custom ConstraintValidatorFactory of type org.springframework.validation.beanvalidation.SpringConstraintValidatorFactory
2020-05-17 21:56:54.294 DEBUG 2108 --- [main] o.h.v.internal.engine.ConfigurationImpl  : Setting custom ParameterNameProvider of type org.springframework.validation.beanvalidation.LocalValidatorFactoryBean$1
2020-05-17 21:56:54.295 DEBUG 2108 --- [main] o.h.v.i.xml.config.ValidationXmlParser   : Trying to load META-INF/validation.xml for XML based Validator configuration.
2020-05-17 21:56:54.295 DEBUG 2108 --- [main] o.h.v.i.xml.config.ResourceLoaderHelper  : Trying to load META-INF/validation.xml via user class loader
2020-05-17 21:56:54.295 DEBUG 2108 --- [main] o.h.v.i.xml.config.ResourceLoaderHelper  : Trying to load META-INF/validation.xml via TCCL
2020-05-17 21:56:54.295 DEBUG 2108 --- [main] o.h.v.i.xml.config.ResourceLoaderHelper  : Trying to load META-INF/validation.xml via Hibernate Validator's class loader
2020-05-17 21:56:54.295 DEBUG 2108 --- [main] o.h.v.i.xml.config.ValidationXmlParser   : No META-INF/validation.xml found. Using annotation based configuration only.
2020-05-17 21:56:54.300 DEBUG 2108 --- [main] o.h.v.i.engine.ValidatorFactoryImpl      : HV000234: Using org.springframework.validation.beanvalidation.LocaleContextMessageInterpolator as ValidatorFactory-scoped message interpolator.
2020-05-17 21:56:54.301 DEBUG 2108 --- [main] o.h.v.i.engine.ValidatorFactoryImpl      : HV000234: Using org.hibernate.validator.internal.engine.resolver.JPATraversableResolver as ValidatorFactory-scoped traversable resolver.
2020-05-17 21:56:54.301 DEBUG 2108 --- [main] o.h.v.i.engine.ValidatorFactoryImpl      : HV000234: Using org.hibernate.validator.internal.util.ExecutableParameterNameProvider as ValidatorFactory-scoped parameter name provider.
2020-05-17 21:56:54.301 DEBUG 2108 --- [main] o.h.v.i.engine.ValidatorFactoryImpl      : HV000234: Using org.hibernate.validator.internal.engine.DefaultClockProvider as ValidatorFactory-scoped clock provider.
2020-05-17 21:56:54.301 DEBUG 2108 --- [main] o.h.v.i.engine.ValidatorFactoryImpl      : HV000234: Using org.hibernate.validator.internal.engine.scripting.DefaultScriptEvaluatorFactory as ValidatorFactory-scoped script evaluator factory.
2020-05-17 21:56:54.554 DEBUG 2108 --- [main] eGlobalAuthenticationAutowiredConfigurer : Eagerly initializing {org.springframework.boot.autoconfigure.security.servlet.WebSecurityEnablerConfiguration=org.springframework.boot.autoconfigure.security.servlet.WebSecurityEnablerConfiguration@2e1b374c}
2020-05-17 21:56:54.579 DEBUG 2108 --- [main] s.s.c.a.w.c.WebSecurityConfigurerAdapter : Using default configure(HttpSecurity). If subclassed this will potentially override subclass configure(HttpSecurity).
2020-05-17 21:56:54.597 DEBUG 2108 --- [main] edFilterInvocationSecurityMetadataSource : Adding web access control expression 'authenticated', for any request
2020-05-17 21:56:54.601 DEBUG 2108 --- [main] o.s.s.w.a.i.FilterSecurityInterceptor    : Validated configuration attributes
2020-05-17 21:56:54.601 DEBUG 2108 --- [main] o.s.s.w.a.i.FilterSecurityInterceptor    : Validated configuration attributes
2020-05-17 21:56:54.604  INFO 2108 --- [main] o.s.s.web.DefaultSecurityFilterChain     : Creating filter chain: any request, [org.springframework.security.web.context.request.async.WebAsyncManagerIntegrationFilter@7730ef88, org.springframework.security.web.context.SecurityContextPersistenceFilter@331ff3ac, org.springframework.security.web.header.HeaderWriterFilter@834e986, org.springframework.security.web.csrf.CsrfFilter@6f347d7, org.springframework.security.web.authentication.logout.LogoutFilter@576b7c74, org.springframework.security.web.authentication.UsernamePasswordAuthenticationFilter@71e7adbb, org.springframework.security.web.authentication.ui.DefaultLoginPageGeneratingFilter@602f8f94, org.springframework.security.web.authentication.ui.DefaultLogoutPageGeneratingFilter@66f5a02e, org.springframework.security.web.authentication.www.BasicAuthenticationFilter@1e1232cf, org.springframework.security.web.savedrequest.RequestCacheAwareFilter@2785db06, org.springframework.security.web.servletapi.SecurityContextHolderAwareRequestFilter@abad89c, org.springframework.security.web.authentication.AnonymousAuthenticationFilter@4e3f2908, org.springframework.security.web.session.SessionManagementFilter@604d23fa, org.springframework.security.web.access.ExceptionTranslationFilter@45117dd, org.springframework.security.web.access.intercept.FilterSecurityInterceptor@1983b48a]
2020-05-17 22:02:34.067 DEBUG 23500 --- [background-preinit] .h.v.m.ResourceBundleMessageInterpolator : Loaded expression factory via original TCCL
2020-05-17 22:02:34.073 DEBUG 23500 --- [background-preinit] o.h.v.i.engine.ValidatorFactoryImpl      : HV000234: Using org.hibernate.validator.messageinterpolation.ResourceBundleMessageInterpolator as ValidatorFactory-scoped message interpolator.
2020-05-17 22:02:34.074 DEBUG 23500 --- [background-preinit] o.h.v.i.engine.ValidatorFactoryImpl      : HV000234: Using org.hibernate.validator.internal.engine.resolver.TraverseAllTraversableResolver as ValidatorFactory-scoped traversable resolver.
2020-05-17 22:02:34.074 DEBUG 23500 --- [background-preinit] o.h.v.i.engine.ValidatorFactoryImpl      : HV000234: Using org.hibernate.validator.internal.util.ExecutableParameterNameProvider as ValidatorFactory-scoped parameter name provider.
2020-05-17 22:02:34.074 DEBUG 23500 --- [background-preinit] o.h.v.i.engine.ValidatorFactoryImpl      : HV000234: Using org.hibernate.validator.internal.engine.DefaultClockProvider as ValidatorFactory-scoped clock provider.
2020-05-17 22:02:34.074 DEBUG 23500 --- [background-preinit] o.h.v.i.engine.ValidatorFactoryImpl      : HV000234: Using org.hibernate.validator.internal.engine.scripting.DefaultScriptEvaluatorFactory as ValidatorFactory-scoped script evaluator factory.
2020-05-17 22:02:34.604  WARN 23500 --- [main] o.m.s.mapper.ClassPathMapperScanner      : Cannot use both: sqlSessionTemplate and sqlSessionFactory together. sqlSessionFactory is ignored.
2020-05-17 22:02:35.145 DEBUG 23500 --- [main] o.h.v.i.e.resolver.TraversableResolvers  : Cannot find javax.persistence.Persistence on classpath. Assuming non JPA 2 environment. All properties will per default be traversable.
2020-05-17 22:02:35.146 DEBUG 23500 --- [main] .h.v.m.ResourceBundleMessageInterpolator : Loaded expression factory via original TCCL
2020-05-17 22:02:35.153 DEBUG 23500 --- [main] o.h.v.i.e.resolver.TraversableResolvers  : Cannot find javax.persistence.Persistence on classpath. Assuming non JPA 2 environment. All properties will per default be traversable.
2020-05-17 22:02:35.154 DEBUG 23500 --- [main] o.h.v.internal.engine.ConfigurationImpl  : Setting custom MessageInterpolator of type org.springframework.validation.beanvalidation.LocaleContextMessageInterpolator
2020-05-17 22:02:35.154 DEBUG 23500 --- [main] o.h.v.internal.engine.ConfigurationImpl  : Setting custom ConstraintValidatorFactory of type org.springframework.validation.beanvalidation.SpringConstraintValidatorFactory
2020-05-17 22:02:35.154 DEBUG 23500 --- [main] o.h.v.internal.engine.ConfigurationImpl  : Setting custom ParameterNameProvider of type org.springframework.validation.beanvalidation.LocalValidatorFactoryBean$1
2020-05-17 22:02:35.155 DEBUG 23500 --- [main] o.h.v.i.xml.config.ValidationXmlParser   : Trying to load META-INF/validation.xml for XML based Validator configuration.
2020-05-17 22:02:35.156 DEBUG 23500 --- [main] o.h.v.i.xml.config.ResourceLoaderHelper  : Trying to load META-INF/validation.xml via user class loader
2020-05-17 22:02:35.156 DEBUG 23500 --- [main] o.h.v.i.xml.config.ResourceLoaderHelper  : Trying to load META-INF/validation.xml via TCCL
2020-05-17 22:02:35.156 DEBUG 23500 --- [main] o.h.v.i.xml.config.ResourceLoaderHelper  : Trying to load META-INF/validation.xml via Hibernate Validator's class loader
2020-05-17 22:02:35.157 DEBUG 23500 --- [main] o.h.v.i.xml.config.ValidationXmlParser   : No META-INF/validation.xml found. Using annotation based configuration only.
2020-05-17 22:02:35.161 DEBUG 23500 --- [main] o.h.v.i.engine.ValidatorFactoryImpl      : HV000234: Using org.springframework.validation.beanvalidation.LocaleContextMessageInterpolator as ValidatorFactory-scoped message interpolator.
2020-05-17 22:02:35.161 DEBUG 23500 --- [main] o.h.v.i.engine.ValidatorFactoryImpl      : HV000234: Using org.hibernate.validator.internal.engine.resolver.TraverseAllTraversableResolver as ValidatorFactory-scoped traversable resolver.
2020-05-17 22:02:35.161 DEBUG 23500 --- [main] o.h.v.i.engine.ValidatorFactoryImpl      : HV000234: Using org.hibernate.validator.internal.util.ExecutableParameterNameProvider as ValidatorFactory-scoped parameter name provider.
2020-05-17 22:02:35.162 DEBUG 23500 --- [main] o.h.v.i.engine.ValidatorFactoryImpl      : HV000234: Using org.hibernate.validator.internal.engine.DefaultClockProvider as ValidatorFactory-scoped clock provider.
2020-05-17 22:02:35.162 DEBUG 23500 --- [main] o.h.v.i.engine.ValidatorFactoryImpl      : HV000234: Using org.hibernate.validator.internal.engine.scripting.DefaultScriptEvaluatorFactory as ValidatorFactory-scoped script evaluator factory.
2020-05-17 22:02:35.689 DEBUG 23500 --- [main] eGlobalAuthenticationAutowiredConfigurer : Eagerly initializing {org.springframework.boot.autoconfigure.security.servlet.WebSecurityEnablerConfiguration=org.springframework.boot.autoconfigure.security.servlet.WebSecurityEnablerConfiguration@12417468}
2020-05-17 22:02:35.778 DEBUG 23500 --- [main] s.s.c.a.w.c.WebSecurityConfigurerAdapter : Using default configure(HttpSecurity). If subclassed this will potentially override subclass configure(HttpSecurity).
2020-05-17 22:02:35.859 DEBUG 23500 --- [main] edFilterInvocationSecurityMetadataSource : Adding web access control expression 'authenticated', for any request
2020-05-17 22:02:35.865 DEBUG 23500 --- [main] o.s.s.w.a.i.FilterSecurityInterceptor    : Validated configuration attributes
2020-05-17 22:02:35.866 DEBUG 23500 --- [main] o.s.s.w.a.i.FilterSecurityInterceptor    : Validated configuration attributes
2020-05-17 22:02:35.882  INFO 23500 --- [main] o.s.s.web.DefaultSecurityFilterChain     : Creating filter chain: any request, [org.springframework.security.web.context.request.async.WebAsyncManagerIntegrationFilter@14b528b6, org.springframework.security.web.context.SecurityContextPersistenceFilter@17222c11, org.springframework.security.web.header.HeaderWriterFilter@42297bdf, org.springframework.security.web.csrf.CsrfFilter@48cb2d73, org.springframework.security.web.authentication.logout.LogoutFilter@646427f7, org.springframework.security.web.authentication.UsernamePasswordAuthenticationFilter@57bd6a8f, org.springframework.security.web.authentication.ui.DefaultLoginPageGeneratingFilter@7e3236d, org.springframework.security.web.authentication.ui.DefaultLogoutPageGeneratingFilter@c412556, org.springframework.security.web.authentication.www.BasicAuthenticationFilter@7fef0b40, org.springframework.security.web.savedrequest.RequestCacheAwareFilter@1f15e689, org.springframework.security.web.servletapi.SecurityContextHolderAwareRequestFilter@66d25ba9, org.springframework.security.web.authentication.AnonymousAuthenticationFilter@6f930e0, org.springframework.security.web.session.SessionManagementFilter@6a55594b, org.springframework.security.web.access.ExceptionTranslationFilter@548e43b1, org.springframework.security.web.access.intercept.FilterSecurityInterceptor@6070775e]
2020-05-17 22:42:05.621 DEBUG 17868 --- [background-preinit] .h.v.m.ResourceBundleMessageInterpolator : Loaded expression factory via original TCCL
2020-05-17 22:42:05.627 DEBUG 17868 --- [background-preinit] o.h.v.i.engine.ValidatorFactoryImpl      : HV000234: Using org.hibernate.validator.messageinterpolation.ResourceBundleMessageInterpolator as ValidatorFactory-scoped message interpolator.
2020-05-17 22:42:05.628 DEBUG 17868 --- [background-preinit] o.h.v.i.engine.ValidatorFactoryImpl      : HV000234: Using org.hibernate.validator.internal.engine.resolver.TraverseAllTraversableResolver as ValidatorFactory-scoped traversable resolver.
2020-05-17 22:42:05.628 DEBUG 17868 --- [background-preinit] o.h.v.i.engine.ValidatorFactoryImpl      : HV000234: Using org.hibernate.validator.internal.util.ExecutableParameterNameProvider as ValidatorFactory-scoped parameter name provider.
2020-05-17 22:42:05.628 DEBUG 17868 --- [background-preinit] o.h.v.i.engine.ValidatorFactoryImpl      : HV000234: Using org.hibernate.validator.internal.engine.DefaultClockProvider as ValidatorFactory-scoped clock provider.
2020-05-17 22:42:05.629 DEBUG 17868 --- [background-preinit] o.h.v.i.engine.ValidatorFactoryImpl      : HV000234: Using org.hibernate.validator.internal.engine.scripting.DefaultScriptEvaluatorFactory as ValidatorFactory-scoped script evaluator factory.
2020-05-17 22:42:06.150  WARN 17868 --- [main] o.m.s.mapper.ClassPathMapperScanner      : Cannot use both: sqlSessionTemplate and sqlSessionFactory together. sqlSessionFactory is ignored.
2020-05-17 22:42:06.686 DEBUG 17868 --- [main] o.h.v.i.e.resolver.TraversableResolvers  : Cannot find javax.persistence.Persistence on classpath. Assuming non JPA 2 environment. All properties will per default be traversable.
2020-05-17 22:42:06.686 DEBUG 17868 --- [main] .h.v.m.ResourceBundleMessageInterpolator : Loaded expression factory via original TCCL
2020-05-17 22:42:06.692 DEBUG 17868 --- [main] o.h.v.i.e.resolver.TraversableResolvers  : Cannot find javax.persistence.Persistence on classpath. Assuming non JPA 2 environment. All properties will per default be traversable.
2020-05-17 22:42:06.693 DEBUG 17868 --- [main] o.h.v.internal.engine.ConfigurationImpl  : Setting custom MessageInterpolator of type org.springframework.validation.beanvalidation.LocaleContextMessageInterpolator
2020-05-17 22:42:06.693 DEBUG 17868 --- [main] o.h.v.internal.engine.ConfigurationImpl  : Setting custom ConstraintValidatorFactory of type org.springframework.validation.beanvalidation.SpringConstraintValidatorFactory
2020-05-17 22:42:06.694 DEBUG 17868 --- [main] o.h.v.internal.engine.ConfigurationImpl  : Setting custom ParameterNameProvider of type org.springframework.validation.beanvalidation.LocalValidatorFactoryBean$1
2020-05-17 22:42:06.695 DEBUG 17868 --- [main] o.h.v.i.xml.config.ValidationXmlParser   : Trying to load META-INF/validation.xml for XML based Validator configuration.
2020-05-17 22:42:06.695 DEBUG 17868 --- [main] o.h.v.i.xml.config.ResourceLoaderHelper  : Trying to load META-INF/validation.xml via user class loader
2020-05-17 22:42:06.696 DEBUG 17868 --- [main] o.h.v.i.xml.config.ResourceLoaderHelper  : Trying to load META-INF/validation.xml via TCCL
2020-05-17 22:42:06.696 DEBUG 17868 --- [main] o.h.v.i.xml.config.ResourceLoaderHelper  : Trying to load META-INF/validation.xml via Hibernate Validator's class loader
2020-05-17 22:42:06.696 DEBUG 17868 --- [main] o.h.v.i.xml.config.ValidationXmlParser   : No META-INF/validation.xml found. Using annotation based configuration only.
2020-05-17 22:42:06.700 DEBUG 17868 --- [main] o.h.v.i.engine.ValidatorFactoryImpl      : HV000234: Using org.springframework.validation.beanvalidation.LocaleContextMessageInterpolator as ValidatorFactory-scoped message interpolator.
2020-05-17 22:42:06.701 DEBUG 17868 --- [main] o.h.v.i.engine.ValidatorFactoryImpl      : HV000234: Using org.hibernate.validator.internal.engine.resolver.TraverseAllTraversableResolver as ValidatorFactory-scoped traversable resolver.
2020-05-17 22:42:06.701 DEBUG 17868 --- [main] o.h.v.i.engine.ValidatorFactoryImpl      : HV000234: Using org.hibernate.validator.internal.util.ExecutableParameterNameProvider as ValidatorFactory-scoped parameter name provider.
2020-05-17 22:42:06.701 DEBUG 17868 --- [main] o.h.v.i.engine.ValidatorFactoryImpl      : HV000234: Using org.hibernate.validator.internal.engine.DefaultClockProvider as ValidatorFactory-scoped clock provider.
2020-05-17 22:42:06.701 DEBUG 17868 --- [main] o.h.v.i.engine.ValidatorFactoryImpl      : HV000234: Using org.hibernate.validator.internal.engine.scripting.DefaultScriptEvaluatorFactory as ValidatorFactory-scoped script evaluator factory.
2020-05-17 22:42:07.216 DEBUG 17868 --- [main] eGlobalAuthenticationAutowiredConfigurer : Eagerly initializing {org.springframework.boot.autoconfigure.security.servlet.WebSecurityEnablerConfiguration=org.springframework.boot.autoconfigure.security.servlet.WebSecurityEnablerConfiguration@37a9b687}
2020-05-17 22:42:07.319 DEBUG 17868 --- [main] s.s.c.a.w.c.WebSecurityConfigurerAdapter : Using default configure(HttpSecurity). If subclassed this will potentially override subclass configure(HttpSecurity).
2020-05-17 22:42:07.384 DEBUG 17868 --- [main] edFilterInvocationSecurityMetadataSource : Adding web access control expression 'authenticated', for any request
2020-05-17 22:42:07.390 DEBUG 17868 --- [main] o.s.s.w.a.i.FilterSecurityInterceptor    : Validated configuration attributes
2020-05-17 22:42:07.391 DEBUG 17868 --- [main] o.s.s.w.a.i.FilterSecurityInterceptor    : Validated configuration attributes
2020-05-17 22:42:07.405  INFO 17868 --- [main] o.s.s.web.DefaultSecurityFilterChain     : Creating filter chain: any request, [org.springframework.security.web.context.request.async.WebAsyncManagerIntegrationFilter@4f081b5d, org.springframework.security.web.context.SecurityContextPersistenceFilter@548e43b1, org.springframework.security.web.header.HeaderWriterFilter@7c11d32, org.springframework.security.web.csrf.CsrfFilter@4cffd3fd, org.springframework.security.web.authentication.logout.LogoutFilter@f723cdb, org.springframework.security.web.authentication.UsernamePasswordAuthenticationFilter@50211483, org.springframework.security.web.authentication.ui.DefaultLoginPageGeneratingFilter@1f15e689, org.springframework.security.web.authentication.ui.DefaultLogoutPageGeneratingFilter@474749b8, org.springframework.security.web.authentication.www.BasicAuthenticationFilter@30a9e3db, org.springframework.security.web.savedrequest.RequestCacheAwareFilter@475f5672, org.springframework.security.web.servletapi.SecurityContextHolderAwareRequestFilter@57fdb8a4, org.springframework.security.web.authentication.AnonymousAuthenticationFilter@740a0d5e, org.springframework.security.web.session.SessionManagementFilter@7f5fcfe9, org.springframework.security.web.access.ExceptionTranslationFilter@662be9f7, org.springframework.security.web.access.intercept.FilterSecurityInterceptor@1b24ea2a]
